/scratch/users/awaters2/git
node308
Mon Apr 29 11:09:09 EDT 2019
Mon Apr 29 11:09:10 2019       
+-----------------------------------------------------------------------------+
| NVIDIA-SMI 375.20                 Driver Version: 375.20                    |
|-------------------------------+----------------------+----------------------+
| GPU  Name        Persistence-M| Bus-Id        Disp.A | Volatile Uncorr. ECC |
| Fan  Temp  Perf  Pwr:Usage/Cap|         Memory-Usage | GPU-Util  Compute M. |
|===============================+======================+======================|
|   0  Tesla K40c          Off  | 0000:81:00.0     Off |                    0 |
| 33%   72C    P0    97W / 235W |    130MiB / 11471MiB |     32%      Default |
+-------------------------------+----------------------+----------------------+
|   1  Tesla K40c          Off  | 0000:C1:00.0     Off |                    0 |
| 33%   71C    P0    91W / 235W |    120MiB / 11471MiB |     26%      Default |
+-------------------------------+----------------------+----------------------+
|   2  Tesla K40c          Off  | 0000:C4:00.0     Off |                    0 |
| 38%   73C    P0    89W / 235W |    122MiB / 11471MiB |     29%      Default |
+-------------------------------+----------------------+----------------------+
                                                                               
+-----------------------------------------------------------------------------+
| Processes:                                                       GPU Memory |
|  GPU       PID  Type  Process name                               Usage      |
|=============================================================================|
|    0     32655    C   ..._2.12_Linux-x86_64-ibverbs-smp-CUDA/namd2   119MiB |
|    1     32655    C   ..._2.12_Linux-x86_64-ibverbs-smp-CUDA/namd2   109MiB |
|    2     32655    C   ..._2.12_Linux-x86_64-ibverbs-smp-CUDA/namd2   111MiB |
+-----------------------------------------------------------------------------+
Mon Apr 29 11:09:10 EDT 2019
