/scratch/users/awaters2/git
node019
Mon Apr 29 16:43:05 EDT 2019
Running random number generation  on 4 CPU cores
875 7 1649760492
876 7 -1879345405
877 7 -229045248
878 7 -1021599521
879 7 -265486220
880 7 -1609639461
881 7 -264938680
882 7 -381634313
883 7 -1201956484
0 0 1804289383
250 2 1681692777
251 2 -532193438
252 2 656802325
253 2 322171334
254 2 123184225
255 2 1203155722
256 2 164530765
257 2 -441377746
500 4 1957747793
501 4 1607973466
750 6 719885386
751 6 1888139277
752 6 -1001811090
753 6 -1921415527
754 6 1325841266
755 6 1015764677
756 6 -1279871658
757 6 -1368429679
758 6 -164404710
759 6 -1593282563
760 6 972823230
884 7 -135815885
761 6 1831155465
762 6 -576327614
763 6 -439125067
764 6 -1276515418
765 6 -1317232383
766 6 -1268691478
767 6 1534882285
885 7 -68169712
125 1 846930886
886 7 1714580879
375 3 1714636915
126 1 -686634399
502 4 456768189
376 3 1778625488
768 6 -176173042
503 4 -192229122
887 7 773843972
377 3 -1893507377
1 0 -1275706804
127 1 1629836554
888 7 -1243064053
378 3 -764294716
128 1 1641775181
889 7 1498739288
2 0 297123363
379 3 672096331
129 1 964931118
890 7 283809447
380 3 -318914024
769 6 2137121145
891 7 -549044212
504 4 1998359497
770 6 1021043474
771 6 -1115043163
892 7 -846715549
381 3 -1845885977
893 7 252889632
772 6 -766185482
3 0 1959582304
382 3 -1563463220
773 6 1128509553
774 6 1713870778
894 7 -921465793
625 5 424238335
505 4 -328002430
626 5 630511060
627 5 1339901179
506 4 -1601336715
507 4 -1712255514
508 4 -2027382335
509 4 -389448150
510 4 422053037
511 4 100638286
512 4 658849337
513 4 -1627562158
383 3 -1207449437
514 4 485728613
628 5 -279005784
384 3 154291680
895 7 -63939180
515 4 -593909194
4 0 142851839
775 6 925924829
130 1 2051615961
896 7 262838843
258 2 1280370393
776 6 -1585450146
5 0 1675824084
131 1 1130913842
777 6 -318028311
6 0 1610454779
516 4 2133143857
385 3 645182847
7 0 1999518632
517 4 -1576230918
897 7 1384177512
518 4 1783191709
629 5 784194327
898 7 -929028521
778 6 1150931938
519 4 -1620977250
8 0 -1018389225
779 6 42730389
520 4 -1699370327
259 2 1721327154
780 6 1694433862
9 0 1463756508
899 7 1767738524
260 2 1482216709
781 6 294935009
782 6 1374912394
900 7 460836755
261 2 370188822
901 7 -253216208
783 6 441865165
262 2 2131302353
521 4 1383639074
902 7 -639386385
630 5 -334442276
263 2 -236500774
522 4 -1993825707
10 0 72806483
264 2 -1562650051
784 6 -1130380114
523 4 19027078
631 5 -1110098349
386 3 -1868258476
632 5 1999928432
633 5 2034767279
634 5 -335092380
903 7 -1569549020
265 2 488582014
785 6 -895146919
266 2 -969183415
11 0 -177003920
786 6 -586612046
267 2 -990127358
268 2 1421152757
269 2 649125990
270 2 116761921
904 7 1337220459
524 4 1872126625
271 2 2008939690
12 0 123549615
905 7 -1102355848
272 2 406877229
273 2 -1433835314
13 0 -834970780
906 7 -903206905
635 5 117788715
274 2 -426774087
275 2 1145574866
276 2 -1525647131
277 2 -1731990346
525 4 -361865270
907 7 918667052
908 7 1419336643
278 2 589630641
526 4 1089435277
909 7 -1850843072
279 2 -1542451590
14 0 394945067
636 5 -1054453576
637 5 -961026873
638 5 -764060820
527 4 1152697070
639 5 571118211
387 3 1002183035
528 4 1628541209
132 1 1875503877
529 4 -110219534
388 3 841512
15 0 -641067336
133 1 66098198
389 3 -2090710121
787 6 -165681531
530 4 -661500603
390 3 -2048612772
910 7 -254820449
640 5 1518615168
641 5 195928159
642 5 -95421708
643 5 -1609654949
644 5 -542654008
16 0 -1645910329
645 5 2066882679
280 2 1889933341
17 0 -2097811092
281 2 1102779422
531 4 1332366550
646 5 527356
911 7 659739316
788 6 1281843862
391 3 1179675347
18 0 -527104893
912 7 1445749403
134 1 -204177967
913 7 -690046072
19 0 1705189504
282 2 -91607511
914 7 584670135
20 0 -119176609
915 7 -294971460
532 4 2056515089
392 3 44721648
21 0 1937944820
135 1 -1802982694
533 4 -1217135206
789 6 -1922671279
22 0 -1291817125
790 6 283788634
916 7 -2028500493
283 2 -1936765278
23 0 -814233656
136 1 -1063841731
791 6 -922242115
917 7 1035697232
534 4 -1722540419
792 6 -1099267074
24 0 -1429839241
393 3 -1255006673
918 7 -351513521
137 1 -1796309634
25 0 -1787633156
26 0 -709182797
919 7 2023052868
535 4 -1762420162
284 2 967363029
27 0 1041437840
920 7 67201483
536 4 413446537
537 4 396309442
394 3 2103984868
538 4 -1946262987
539 4 -1832332506
540 4 945656705
541 4 39500138
542 4 -392621971
543 4 -653156466
395 3 -440052565
544 4 627231737
396 3 -727612872
28 0 -495886577
545 4 -1627064686
921 7 -1896011112
397 3 1284244807
285 2 -1586428154
922 7 1585873255
29 0 -1159902076
398 3 -1820999444
923 7 -685124020
924 7 -1352328669
546 4 815964453
793 6 -1352975159
286 2 -674820575
287 2 -1284850102
288 2 -442595827
399 3 -1999638781
794 6 2072686466
400 3 -1135987712
138 1 -1668287159
401 3 1634228447
139 1 390176002
402 3 -1211570060
925 7 779996768
140 1 -255825931
547 4 -1894963338
403 3 -718155301
141 1 -189689242
795 6 989016949
548 4 -1101327631
30 0 -1972470133
142 1 296307521
926 7 1708538623
647 5 866093235
549 4 353882938
550 4 1808272477
143 1 215621290
31 0 693735128
551 4 1425674974
144 1 834791981
552 4 132620393
145 1 693992142
553 4 -1395607710
648 5 -683938160
796 6 142954726
649 5 -1563509489
927 7 -195665964
797 6 -774276415
554 4 2132593173
32 0 1139298343
798 6 2078877994
928 7 501887739
33 0 1894135948
555 4 1434356166
404 3 -930741432
929 7 1392570280
34 0 -849685789
405 3 1118302455
556 4 1176251489
289 2 913796462
930 7 -762160873
406 3 -920977028
35 0 -1466876256
799 6 340155821
931 7 279329500
557 4 -1218934006
36 0 -178418241
407 3 110171443
146 1 1452849081
558 4 382915149
37 0 533163540
408 3 -200804336
559 4 -1601162194
932 7 725404755
38 0 -441757765
147 1 2060228562
560 4 1417080537
933 7 2071697008
409 3 -1439947377
800 6 480473422
561 4 644593202
410 3 1646973956
39 0 -1238783000
290 2 -15866727
562 4 443718917
411 3 -305114869
40 0 952889303
934 7 426914735
412 3 773626456
41 0 878195996
801 6 -335458503
563 4 2044475926
291 2 -1038432910
292 2 -1457273659
650 5 -2037098876
293 2 207056726
294 2 1882417553
295 2 -518829030
296 2 -224166403
297 2 561624254
298 2 -1213803255
299 2 -2106869182
300 2 261040565
301 2 -795974234
302 2 -437657855
303 2 -737740822
304 2 68599789
305 2 1702177294
306 2 1703460729
802 6 2142771794
307 2 -1053070062
308 2 -1923041115
309 2 -2052773386
310 2 -409850255
311 2 -335871558
312 2 -968750115
564 4 1951965137
313 2 -1810559650
314 2 512713705
315 2 -2055528990
316 2 1719021973
565 4 998383834
935 7 1376399204
651 5 1476914315
803 6 -736384411
652 5 -217757480
804 6 -1379398346
42 0 1582304531
653 5 -484094425
148 1 944639717
805 6 724922929
806 6 2022009594
807 6 -1459875427
808 6 799394974
809 6 1645419433
810 6 1885504290
413 3 -848376153
43 0 -251404624
936 7 1332051499
317 2 -1197278138
414 3 541370380
415 3 686202211
416 3 -789450208
417 3 580535359
418 3 -1421195884
811 6 -1005122731
654 5 -168222068
937 7 702302904
318 2 2147227617
44 0 1779355247
566 4 596845117
319 2 1851566474
938 7 149267143
45 0 -1693100636
46 0 2136318699
47 0 -482713864
48 0 -1183186553
49 0 1420367788
50 0 -541251261
51 0 1449735360
320 2 341254605
812 6 -1172908154
655 5 -1322852125
656 5 1042929824
567 4 -1028701314
657 5 487074751
658 5 2068854804
659 5 1002962363
660 5 1090069992
661 5 -351130153
568 4 1241282377
52 0 2062672159
321 2 -1292067154
149 1 -1016242506
419 3 -1422421445
150 1 1301869233
813 6 1038746529
939 7 744523116
151 1 669970554
814 6 -1509143862
53 0 1811104564
322 2 -1002536359
569 4 913781506
815 6 2130349965
152 1 218484253
570 4 -284042763
816 6 -133900818
817 6 -88841703
323 2 -2041312078
571 4 660437094
572 4 1072704833
573 4 1806816426
574 4 1087028269
818 6 412297714
54 0 668219419
662 5 307289884
575 4 942309582
819 6 1271600709
820 6 -909053994
55 0 -1116346360
56 0 1635992887
57 0 361832508
153 1 630973982
940 7 1285644419
58 0 -1676875917
420 3 -1923119256
154 1 1050620969
155 1 958042274
156 1 -1213161515
941 7 1800606848
421 3 841047639
821 6 -846270703
942 7 1412234847
59 0 1003978960
663 5 -428123373
664 5 -1573635920
665 5 1069460591
666 5 -531112028
422 3 1195046044
157 1 810236166
943 7 -344128268
944 7 1304038235
822 6 -360511334
158 1 -1529662431
423 3 778782611
324 2 -1055566715
823 6 -402942083
945 7 907639752
159 1 -715890614
824 6 -1019491010
424 3 1412325936
60 0 2138801615
160 1 1022655501
825 6 -1112481143
826 6 -2071245118
667 5 -1427271445
827 6 -913994955
828 6 751670822
829 6 602141825
830 6 -542710678
831 6 1050732909
832 6 -1329728882
425 3 1289188591
833 6 -2005115655
834 6 -557567598
835 6 939272741
836 6 1532758646
837 6 399561713
838 6 535633466
61 0 1088779972
576 4 151779769
325 2 554114198
161 1 2020409198
839 6 896812381
946 7 1257315959
326 2 1562336081
840 6 385254878
947 7 649131516
577 4 -1446220334
841 6 1697812841
842 6 753865314
843 6 1296872213
948 7 215848627
62 0 -2007642293
578 4 835731685
162 1 -91805031
579 4 363955382
844 6 1262718150
163 1 -1183529102
327 2 -1823396006
845 6 -1268429471
164 1 -426911035
426 3 926645540
846 6 1937962506
63 0 1381926680
427 3 -1547283093
847 6 -974689459
328 2 -2022719043
428 3 1155598968
64 0 1660975847
848 6 -934754514
329 2 1623662078
580 4 2028639409
949 7 616204432
65 0 1654689484
66 0 603064227
67 0 -1182989600
68 0 656964735
69 0 -1060622252
70 0 97593467
71 0 1896774696
165 1 -1310039722
330 2 -1698571575
950 7 -1789175025
72 0 -778935657
951 7 1708335236
849 6 -2120794151
668 5 1305843960
73 0 138388316
952 7 452369035
74 0 -1050195501
166 1 -1146105967
953 7 -1764048168
850 6 -319475406
75 0 -1918895376
76 0 -729971409
77 0 1942990820
581 4 1455220346
851 6 972875269
852 6 -1530700522
78 0 -1006304341
79 0 -885520584
582 4 1629708317
853 6 2144936145
854 6 -582112294
167 1 592424474
429 3 2122866695
80 0 224508999
855 6 -1085007043
430 3 -1172429012
81 0 1286512108
82 0 179269123
331 2 -1473807998
431 3 1040307139
83 0 1839114496
168 1 1309127677
432 3 704350272
583 4 -657642466
856 6 940570238
84 0 403136479
584 4 1793144361
585 4 746366626
433 3 -1794082913
669 5 -1073643641
670 5 -1460698708
671 5 -1077954749
672 5 -1453764928
673 5 -1302397153
332 2 82567541
954 7 1286442023
674 5 -1546154700
675 5 -86022629
586 4 -18116139
676 5 -578493944
677 5 -628882633
678 5 2089634364
679 5 -60902029
680 5 -1112581424
587 4 1577033478
434 3 -395658572
681 5 425583567
333 2 -1245132058
435 3 732125851
85 0 210253172
588 4 -277375455
169 1 1972111038
436 3 -1966382200
857 6 -971626423
589 4 -47147446
590 4 707710477
170 1 1457281801
334 2 -1222919999
858 6 -1846030846
955 7 -1077425012
171 1 -61047742
172 1 569606069
173 1 174200742
591 4 -1671789202
859 6 133858037
592 4 2019552409
956 7 -544985373
860 6 -678249626
174 1 1152288001
593 4 1724980594
861 6 1653345857
862 6 -2014675030
175 1 -1411507734
594 4 -1727427387
595 4 803669846
863 6 -168028883
864 6 2141148110
437 3 -1812687945
176 1 497104365
86 0 -931651365
865 6 214108857
438 3 1004961724
87 0 1982163016
866 6 -514840366
177 1 1521237006
88 0 1310672887
867 6 -1717876251
178 1 -36534919
335 2 1924518698
89 0 -385499524
957 7 -1082117472
336 2 -1517442131
337 2 -637023410
90 0 -1789578189
958 7 1213860287
179 1 2022371090
596 4 988737937
91 0 -1225831152
959 7 -1165442540
180 1 727142053
868 6 266397622
92 0 1264241807
869 6 772134321
597 4 -565042150
338 2 2146250041
682 5 -1017937724
683 5 969686347
684 5 1418281240
685 5 699562215
686 5 -1749387060
439 3 -1714093581
687 5 -2113202781
688 5 -1637573408
689 5 1362631295
690 5 -727188908
691 5 296408699
870 6 -1834045062
93 0 282460420
692 5 2029844008
693 5 1580048535
181 1 -1136550922
871 6 302586141
694 5 -2048963236
695 5 -809527341
696 5 1354716400
697 5 -915250385
698 5 -284608028
94 0 1031356427
872 6 1128406814
699 5 -885395029
598 4 57067005
440 3 -626023344
873 6 -128342231
874 6 797933986
700 5 -1819131592
95 0 -877076648
339 2 1502520402
599 4 1066257598
960 7 1760684987
701 5 1428044359
961 7 -1462083608
182 1 125244529
96 0 1308870055
962 7 -140792873
600 4 -2129404663
340 2 -636512155
341 2 -1571338442
342 2 -684134351
343 2 -786443014
344 2 -1332043875
345 2 -565582178
702 5 -331610132
963 7 883771676
346 2 -1036240471
964 7 -1519392493
183 1 -508238918
965 7 -1249226064
601 4 -95743422
97 0 1647658252
966 7 -1618097553
967 7 -1603130972
184 1 688570845
98 0 -919905181
441 3 1819937871
602 4 1211625909
442 3 144457284
185 1 -1267146914
347 2 -799355614
603 4 1719598502
348 2 -939640491
349 2 463065478
350 2 1055310241
351 2 -857967414
604 4 550528769
443 3 398287307
99 0 -2145376480
605 4 1696518122
444 3 -840904040
445 3 1379842407
446 3 -1352384948
447 3 -229141981
448 3 1538848352
449 3 -2075069697
186 1 -834311703
606 4 -986904595
450 3 -773044268
607 4 -921026034
352 2 359161229
100 0 1276414783
451 3 -1597297925
187 1 -672047134
101 0 -487239020
452 3 1987811240
188 1 1201080213
102 0 -719380165
103 0 -1418941336
189 1 1603284550
453 3 -490237673
608 4 -768555143
190 1 -2015805983
191 1 1027689354
609 4 1587791122
104 0 349173079
968 7 474660587
610 4 -655589211
703 5 -1866531837
105 0 -1039830628
969 7 -1486187784
353 2 1964027886
106 0 -749951341
704 5 1897775872
705 5 -6717985
706 5 -201097356
707 5 1895845595
708 5 -258776504
709 5 -1556806153
710 5 -2098665348
711 5 1335099955
712 5 -470407408
713 5 440543887
714 5 947587844
715 5 307015179
970 7 1438924167
716 5 -1058891432
717 5 1068155815
718 5 1842753292
719 5 1225878115
192 1 2088114125
720 5 -422133472
721 5 -1542903489
722 5 -1918100332
723 5 641060667
193 1 -1550503762
107 0 165115696
724 5 1526343272
454 3 1346347740
194 1 -759642023
611 4 -44645898
455 3 -649837485
195 1 -1799811406
196 1 -34051451
456 3 10337904
197 1 -691204458
108 0 1457085423
725 5 1329607511
198 1 1288487249
199 1 1235784026
200 1 1107097533
201 1 27029502
109 0 712665636
202 1 -665296695
457 3 685370287
203 1 1984117634
110 0 1279820907
458 3 1473189732
204 1 1999189877
205 1 1676639462
206 1 -948871487
111 0 458428280
459 3 1716221483
971 7 1480698796
207 1 -1849166550
208 1 -257875539
460 3 126743224
972 7 -1077705405
112 0 -489908473
461 3 595057351
462 3 1274604908
973 7 -1277744960
974 7 -1889313505
726 5 -171172964
975 7 1421580084
113 0 -1340701652
612 4 -1681672591
727 5 1599206547
976 7 -278408165
613 4 894163386
114 0 -1189358909
977 7 -1384801272
978 7 -1665662665
728 5 -2124033744
614 4 130765789
354 2 -1747795943
979 7 205337660
729 5 1720924655
980 7 1122616179
209 1 1713495374
615 4 -290773666
981 7 -881003312
115 0 -1881965248
355 2 647312370
616 4 227699689
982 7 -380665393
116 0 39190175
617 4 -1630767646
210 1 -1510476999
117 0 -1655601228
356 2 1956480069
463 3 1419630723
357 2 351250902
983 7 -1008121148
464 3 -872661888
358 2 1857875217
211 1 -299293102
118 0 228338075
618 4 -1157301867
212 1 2084515429
213 1 -1654212298
214 1 -636561871
215 1 1832171258
619 4 1702204486
465 3 -1134447009
620 4 -2103926815
621 4 1481015690
466 3 -804197132
622 4 309553613
216 1 457987485
119 0 1226197128
623 4 1508095662
984 7 897051467
217 1 196130974
218 1 -753713239
120 0 1003121335
121 0 -354370372
985 7 377338648
122 0 -1958502157
730 5 -1440025564
986 7 1485813479
123 0 2045409616
624 4 549227097
219 1 1429999394
987 7 439362252
220 1 364384085
988 7 1234527139
221 1 1125778310
989 7 44693216
124 0 1514091343
990 7 -1764820865
991 7 316114004
222 1 -15407199
992 7 -1116617605
731 5 245002859
732 5 -605271688
733 5 255726855
734 5 -1586827732
735 5 750280899
736 5 1449236288
737 5 1703746719
738 5 -219950668
739 5 -1155442789
740 5 677593736
741 5 -529192777
742 5 -1372920132
743 5 921661171
744 5 -727690416
745 5 -106196657
746 5 -1541737148
747 5 1815690955
748 5 1302417816
749 5 1916677735
993 7 1067266088
994 7 -1226039657
995 7 1820505948
996 7 1740711379
997 7 1168404208
998 7 -194608849
999 7 -2017819676
359 2 1794175642
360 2 2058397053
361 2 -1831377090
362 2 897351817
363 2 1467947202
364 2 -2093270731
365 2 -718270426
366 2 1299919489
367 2 68849258
223 1 -1388570934
224 1 -539995251
225 1 -1798553106
226 1 1053689369
227 1 142947826
228 1 -898000315
368 2 1880438637
369 2 -1643033458
370 2 -2052244743
229 1 -211248170
230 1 270226193
231 1 702764186
371 2 479312786
372 2 328013861
373 2 1806320758
232 1 -169419907
233 1 -1326466754
234 1 653526665
374 2 789139953
235 1 1715854018
236 1 2127662901
237 1 -1071005146
238 1 -1394485119
239 1 786935914
240 1 1580313965
241 1 -1584505202
242 1 -554106631
243 1 -1426637422
244 1 -210391515
245 1 -1548962186
246 1 1112553457
247 1 -927045062
248 1 -1321563811
249 1 -1626115618
467 3 -1853553829
468 3 -1616763960
469 3 834688631
470 3 -1159176708
471 3 -1850798413
472 3 545960080
473 3 1379734287
474 3 1003882628
475 3 411472523
476 3 -639997224
477 3 362398759
478 3 -113363828
479 3 -1207261469
480 3 -770221408
481 3 1774764479
482 3 1889184276
483 3 556196795
484 3 250677224
485 3 -1937447977
486 3 1610789148
487 3 -594845421
488 3 -1769440592
489 3 -915832209
490 3 -2127359580
491 3 -2080065813
492 3 -164087048
493 3 -192252537
494 3 1578505132
495 3 341048643
496 3 -690204480
497 3 2039223583
498 3 -2033483980
499 3 1871105051
Mon Apr 29 16:43:06 EDT 2019
